xxxx
0 info it worked if it ends with ok
1 verbose cli [ '/Users/chenshanshan/.nvm/versions/node/v5.7.1/bin/node',
1 verbose cli   '/Users/chenshanshan/.nvm/versions/node/v5.7.1/bin/npm',
1 verbose cli   'run',
1 verbose cli   'dev' ]
2 info using npm@3.6.0
3 info using node@v5.7.1
4 verbose run-script [ 'predev', 'dev', 'postdev' ]
5 info lifecycle vue-seed@1.0.0~predev: vue-seed@1.0.0
6 silly lifecycle vue-seed@1.0.0~predev: no script for predev, continuing
7 info lifecycle vue-seed@1.0.0~dev: vue-seed@1.0.0
8 verbose lifecycle vue-seed@1.0.0~dev: unsafe-perm in lifecycle true
9 verbose lifecycle vue-seed@1.0.0~dev: PATH: /Users/chenshanshan/.nvm/versions/node/v5.7.1/lib/node_modules/npm/bin/node-gyp-bin:/Users/chenshanshan/Downloads/vue-seed/node_modules/.bin:/Users/chenshanshan/.nvm/versions/node/v5.7.1/bin:/usr/local/bin:/usr/bin:/bin:/usr/sbin:/sbin:/Users/chenshanshan/.rvm/bin
10 verbose lifecycle vue-seed@1.0.0~dev: CWD: /Users/chenshanshan/Downloads/vue-seed
11 silly lifecycle vue-seed@1.0.0~dev: Args: [ '-c', 'webpack-dev-server --inline --hot' ]
12 silly lifecycle vue-seed@1.0.0~dev: Returned: code: 1  signal: null
13 info lifecycle vue-seed@1.0.0~dev: Failed to exec dev script
14 verbose stack Error: vue-seed@1.0.0 dev: `webpack-dev-server --inline --hot`
14 verbose stack Exit status 1
14 verbose stack     at EventEmitter.<anonymous> (/Users/chenshanshan/.nvm/versions/node/v5.7.1/lib/node_modules/npm/lib/utils/lifecycle.js:232:16)
14 verbose stack     at emitTwo (events.js:100:13)
14 verbose stack     at EventEmitter.emit (events.js:185:7)
14 verbose stack     at ChildProcess.<anonymous> (/Users/chenshanshan/.nvm/versions/node/v5.7.1/lib/node_modules/npm/lib/utils/spawn.js:24:14)
14 verbose stack     at emitTwo (events.js:100:13)
14 verbose stack     at ChildProcess.emit (events.js:185:7)
14 verbose stack     at maybeClose (internal/child_process.js:827:16)
14 verbose stack     at Process.ChildProcess._handle.onexit (internal/child_process.js:211:5)
15 verbose pkgid vue-seed@1.0.0
16 verbose cwd /Users/chenshanshan/Downloads/vue-seed
17 error Darwin 15.2.0
18 error argv "/Users/chenshanshan/.nvm/versions/node/v5.7.1/bin/node" "/Users/chenshanshan/.nvm/versions/node/v5.7.1/bin/npm" "run" "dev"
19 error node v5.7.1
20 error npm  v3.6.0
21 error code ELIFECYCLE
22 error vue-seed@1.0.0 dev: `webpack-dev-server --inline --hot`
22 error Exit status 1
23 error Failed at the vue-seed@1.0.0 dev script 'webpack-dev-server --inline --hot'.
23 error Make sure you have the latest version of node.js and npm installed.
23 error If you do, this is most likely a problem with the vue-seed package,
23 error not with npm itself.
23 error Tell the author that this fails on your system:
23 error     webpack-dev-server --inline --hot
23 error You can get information on how to open an issue for this project with:
23 error     npm bugs vue-seed
23 error Or if that isn't available, you can get their info via:
23 error     npm owner ls vue-seed
23 error There is likely additional logging output above.
24 verbose exit [ 1, true ]
